\BOOKMARK [1][-]{section.1}{Introduction}{}% 1
\BOOKMARK [2][-]{subsection.1.1}{Why This Tutorial Matters}{section.1}% 2
\BOOKMARK [1][-]{section.2}{Geometric Algebra Foundations}{}% 3
\BOOKMARK [2][-]{subsection.2.1}{What is Geometric Algebra?}{section.2}% 4
\BOOKMARK [2][-]{subsection.2.2}{Projective vs. Conformal Geometric Algebra}{section.2}% 5
\BOOKMARK [1][-]{section.3}{Mathematical Representation Details}{}% 6
\BOOKMARK [2][-]{subsection.3.1}{Motors as Dual Quaternions}{section.3}% 7
\BOOKMARK [1][-]{section.4}{Hexapod Leg Kinematics: Case Study}{}% 8
\BOOKMARK [2][-]{subsection.4.1}{Leg Structure and Configuration}{section.4}% 9
\BOOKMARK [2][-]{subsection.4.2}{Coordinate Frame Relationships}{section.4}% 10
\BOOKMARK [1][-]{section.5}{Forward Kinematics Implementation}{}% 11
\BOOKMARK [2][-]{subsection.5.1}{Motor Chain Construction}{section.5}% 12
\BOOKMARK [2][-]{subsection.5.2}{Geometric Interpretation}{section.5}% 13
\BOOKMARK [1][-]{section.6}{Velocity Analysis and Jacobians}{}% 14
\BOOKMARK [2][-]{subsection.6.1}{Jacobian Column Computation}{section.6}% 15
\BOOKMARK [2][-]{subsection.6.2}{Physical Interpretation of Jacobian Columns}{section.6}% 16
\BOOKMARK [1][-]{section.7}{Inverse Kinematics Strategies}{}% 17
\BOOKMARK [2][-]{subsection.7.1}{Analytical Inverse Kinematics}{section.7}% 18
\BOOKMARK [2][-]{subsection.7.2}{Numerical Inverse Kinematics}{section.7}% 19
\BOOKMARK [1][-]{section.8}{Performance and Robustness Analysis}{}% 20
\BOOKMARK [2][-]{subsection.8.1}{Computational Complexity}{section.8}% 21
\BOOKMARK [2][-]{subsection.8.2}{Robustness Considerations}{section.8}% 22
\BOOKMARK [1][-]{section.9}{Contact Constraints and Ground Interaction}{}% 23
\BOOKMARK [2][-]{subsection.9.1}{Ground Plane Representation}{section.9}% 24
\BOOKMARK [2][-]{subsection.9.2}{Friction and Stability}{section.9}% 25
\BOOKMARK [1][-]{section.10}{Implementation Architecture}{}% 26
\BOOKMARK [2][-]{subsection.10.1}{Package Structure}{section.10}% 27
\BOOKMARK [2][-]{subsection.10.2}{Key Design Principles}{section.10}% 28
\BOOKMARK [1][-]{section.11}{Migration Guide from Traditional Methods}{}% 29
\BOOKMARK [2][-]{subsection.11.1}{Replacing Rotation Matrices}{section.11}% 30
\BOOKMARK [2][-]{subsection.11.2}{Benefits Realized}{section.11}% 31
\BOOKMARK [1][-]{section.12}{Future Directions and Advanced Applications}{}% 32
\BOOKMARK [2][-]{subsection.12.1}{Full CGA Implementation}{section.12}% 33
\BOOKMARK [2][-]{subsection.12.2}{Integration with Modern Control}{section.12}% 34
\BOOKMARK [1][-]{section.13}{Conclusion}{}% 35
